mode: set
fabrik-cli/internal/env/env.go:63.41,65.2 1 1
fabrik-cli/internal/env/env.go:68.72,70.2 1 1
fabrik-cli/internal/env/env.go:88.45,90.2 1 1
fabrik-cli/internal/env/env.go:93.54,95.2 1 1
fabrik-cli/internal/env/env.go:105.50,107.46 2 1
fabrik-cli/internal/env/env.go:107.46,108.28 1 1
fabrik-cli/internal/env/env.go:108.28,110.4 1 1
fabrik-cli/internal/env/env.go:112.2,112.14 1 1
fabrik-cli/internal/env/env.go:116.43,118.2 1 1
fabrik-cli/internal/env/env.go:120.42,121.43 1 0
fabrik-cli/internal/env/env.go:121.43,123.3 1 0
fabrik-cli/internal/env/env.go:124.2,124.68 1 0
fabrik-cli/internal/env/env.go:124.68,126.3 1 0
fabrik-cli/internal/env/env.go:127.2,127.39 1 0
fabrik-cli/internal/env/env.go:127.39,129.3 1 0
fabrik-cli/internal/env/env.go:130.2,130.68 1 0
fabrik-cli/internal/env/env.go:130.68,132.3 1 0
fabrik-cli/internal/env/env.go:133.2,133.45 1 0
fabrik-cli/internal/env/env.go:133.45,135.3 1 0
fabrik-cli/internal/env/env.go:136.2,136.12 1 0
fabrik-cli/internal/env/env.go:139.49,141.2 1 0
fabrik-cli/internal/env/env.go:143.70,145.16 2 0
fabrik-cli/internal/env/env.go:145.16,147.3 1 0
fabrik-cli/internal/env/env.go:149.2,150.20 2 0
fabrik-cli/internal/env/env.go:150.20,153.3 2 0
fabrik-cli/internal/env/env.go:155.2,155.91 1 0
fabrik-cli/internal/env/env.go:155.91,157.3 1 0
fabrik-cli/internal/env/env.go:158.2,158.27 1 0
fabrik-cli/internal/env/env.go:158.27,159.61 1 0
fabrik-cli/internal/env/env.go:159.61,161.4 1 0
fabrik-cli/internal/env/env.go:163.2,163.12 1 0
fabrik-cli/internal/env/env.go:166.74,168.16 2 0
fabrik-cli/internal/env/env.go:168.16,170.3 1 0
fabrik-cli/internal/env/env.go:171.2,172.46 2 0
fabrik-cli/internal/env/env.go:172.46,175.3 2 0
fabrik-cli/internal/env/env.go:176.2,176.59 1 0
fabrik-cli/internal/env/env.go:179.74,181.16 2 0
fabrik-cli/internal/env/env.go:181.16,183.3 1 0
fabrik-cli/internal/env/env.go:184.2,184.49 1 0
fabrik-cli/internal/env/env.go:184.49,186.3 1 0
fabrik-cli/internal/env/env.go:187.2,188.12 2 0
fabrik-cli/internal/env/env.go:191.72,192.54 1 0
fabrik-cli/internal/env/env.go:192.54,194.3 1 0
fabrik-cli/internal/env/env.go:196.2,197.19 2 0
fabrik-cli/internal/env/env.go:197.19,199.43 2 0
fabrik-cli/internal/env/env.go:199.43,201.4 1 0
fabrik-cli/internal/env/env.go:202.3,202.17 1 0
fabrik-cli/internal/env/env.go:202.17,204.4 1 0
fabrik-cli/internal/env/env.go:207.2,208.16 2 0
fabrik-cli/internal/env/env.go:208.16,210.3 1 0
fabrik-cli/internal/env/env.go:211.2,211.35 1 0
fabrik-cli/internal/env/env.go:211.35,213.3 1 0
fabrik-cli/internal/env/env.go:215.2,216.16 2 0
fabrik-cli/internal/env/env.go:216.16,218.3 1 0
fabrik-cli/internal/env/env.go:219.2,219.37 1 0
fabrik-cli/internal/env/env.go:219.37,221.3 1 0
fabrik-cli/internal/env/env.go:223.2,223.33 1 0
fabrik-cli/internal/env/env.go:223.33,225.3 1 0
fabrik-cli/internal/env/env.go:227.2,227.52 1 0
fabrik-cli/internal/env/env.go:227.52,229.3 1 0
fabrik-cli/internal/env/env.go:231.2,231.64 1 0
fabrik-cli/internal/env/env.go:231.64,233.3 1 0
fabrik-cli/internal/env/env.go:235.2,236.12 2 0
fabrik-cli/internal/env/env.go:239.112,240.23 1 0
fabrik-cli/internal/env/env.go:240.23,242.3 1 0
fabrik-cli/internal/env/env.go:243.2,244.16 2 0
fabrik-cli/internal/env/env.go:244.16,246.3 1 0
fabrik-cli/internal/env/env.go:247.2,247.49 1 0
fabrik-cli/internal/env/env.go:247.49,249.3 1 0
fabrik-cli/internal/env/env.go:251.2,256.18 6 0
fabrik-cli/internal/env/env.go:260.77,277.16 3 0
fabrik-cli/internal/env/env.go:277.16,279.3 1 0
fabrik-cli/internal/env/env.go:281.2,287.16 2 0
fabrik-cli/internal/env/env.go:287.16,289.3 1 0
fabrik-cli/internal/env/env.go:292.2,292.39 1 0
fabrik-cli/internal/env/env.go:292.39,294.22 2 0
fabrik-cli/internal/env/env.go:294.22,296.4 1 0
fabrik-cli/internal/env/env.go:296.9,296.34 1 0
fabrik-cli/internal/env/env.go:296.34,298.4 1 0
fabrik-cli/internal/env/env.go:298.9,300.4 1 0
fabrik-cli/internal/env/env.go:303.2,303.35 1 0
fabrik-cli/internal/env/env.go:303.35,304.58 1 0
fabrik-cli/internal/env/env.go:304.58,306.4 1 0
fabrik-cli/internal/env/env.go:309.2,309.20 1 0
fabrik-cli/internal/env/env.go:312.74,314.16 2 0
fabrik-cli/internal/env/env.go:314.16,316.3 1 0
fabrik-cli/internal/env/env.go:318.2,318.27 1 0
fabrik-cli/internal/env/env.go:318.27,321.3 2 0
fabrik-cli/internal/env/env.go:324.2,326.34 2 0
fabrik-cli/internal/env/env.go:326.34,327.133 1 0
fabrik-cli/internal/env/env.go:327.133,329.4 1 0
fabrik-cli/internal/env/env.go:330.3,330.55 1 0
fabrik-cli/internal/env/env.go:330.55,331.66 1 0
fabrik-cli/internal/env/env.go:331.66,333.5 1 0
fabrik-cli/internal/env/env.go:337.2,337.34 1 0
fabrik-cli/internal/env/env.go:337.34,338.125 1 0
fabrik-cli/internal/env/env.go:338.125,340.4 1 0
fabrik-cli/internal/env/env.go:341.3,341.55 1 0
fabrik-cli/internal/env/env.go:341.55,342.66 1 0
fabrik-cli/internal/env/env.go:342.66,344.5 1 0
fabrik-cli/internal/env/env.go:348.2,348.29 1 0
fabrik-cli/internal/env/env.go:348.29,349.129 1 0
fabrik-cli/internal/env/env.go:349.129,351.4 1 0
fabrik-cli/internal/env/env.go:352.3,352.57 1 0
fabrik-cli/internal/env/env.go:352.57,353.66 1 0
fabrik-cli/internal/env/env.go:353.66,355.5 1 0
fabrik-cli/internal/env/env.go:359.2,361.12 2 0
fabrik-cli/internal/env/env.go:365.87,376.16 4 0
fabrik-cli/internal/env/env.go:376.16,378.3 1 0
fabrik-cli/internal/env/env.go:379.2,394.21 6 0
fabrik-cli/internal/env/env.go:397.80,400.16 2 0
fabrik-cli/internal/env/env.go:400.16,402.3 1 0
fabrik-cli/internal/env/env.go:405.2,405.68 1 0
fabrik-cli/internal/env/env.go:405.68,407.3 1 0
fabrik-cli/internal/env/env.go:410.2,410.57 1 0
fabrik-cli/internal/env/env.go:410.57,413.3 2 0
fabrik-cli/internal/env/env.go:416.2,416.49 1 0
fabrik-cli/internal/env/env.go:416.49,418.3 1 0
fabrik-cli/internal/env/env.go:421.2,429.16 3 0
fabrik-cli/internal/env/env.go:429.16,431.3 1 0
fabrik-cli/internal/env/env.go:433.2,442.35 2 0
fabrik-cli/internal/env/env.go:442.35,444.3 1 0
fabrik-cli/internal/env/env.go:445.2,445.54 1 0
fabrik-cli/internal/env/env.go:445.54,447.3 1 0
fabrik-cli/internal/env/env.go:449.2,450.18 2 0
fabrik-cli/internal/env/env.go:450.18,452.3 1 0
fabrik-cli/internal/env/env.go:454.2,456.12 2 0
fabrik-cli/internal/env/env.go:460.107,463.16 2 0
fabrik-cli/internal/env/env.go:463.16,465.3 1 0
fabrik-cli/internal/env/env.go:468.2,468.68 1 0
fabrik-cli/internal/env/env.go:468.68,470.3 1 0
fabrik-cli/internal/env/env.go:473.2,479.52 2 0
fabrik-cli/internal/env/env.go:479.52,481.3 1 0
fabrik-cli/internal/env/env.go:484.2,484.57 1 0
fabrik-cli/internal/env/env.go:484.57,487.3 2 0
fabrik-cli/internal/env/env.go:490.2,490.14 1 0
fabrik-cli/internal/env/env.go:490.14,492.3 1 0
fabrik-cli/internal/env/env.go:495.2,496.16 2 0
fabrik-cli/internal/env/env.go:496.16,498.3 1 0
fabrik-cli/internal/env/env.go:499.2,499.16 1 0
fabrik-cli/internal/env/env.go:499.16,502.3 2 0
fabrik-cli/internal/env/env.go:504.2,504.51 1 0
fabrik-cli/internal/env/env.go:507.96,508.27 1 1
fabrik-cli/internal/env/env.go:508.27,509.93 1 1
fabrik-cli/internal/env/env.go:509.93,511.4 1 0
fabrik-cli/internal/env/env.go:514.2,514.27 1 1
fabrik-cli/internal/env/env.go:514.27,515.107 1 1
fabrik-cli/internal/env/env.go:515.107,517.4 1 0
fabrik-cli/internal/env/env.go:521.2,521.33 1 1
fabrik-cli/internal/env/env.go:521.33,522.27 1 1
fabrik-cli/internal/env/env.go:522.27,525.4 2 1
fabrik-cli/internal/env/env.go:528.2,528.12 1 1
fabrik-cli/internal/env/env.go:531.114,533.27 2 1
fabrik-cli/internal/env/env.go:533.27,535.3 1 1
fabrik-cli/internal/env/env.go:535.8,537.3 1 1
fabrik-cli/internal/env/env.go:539.2,539.54 1 1
fabrik-cli/internal/env/env.go:539.54,541.3 1 0
fabrik-cli/internal/env/env.go:543.2,545.16 3 1
fabrik-cli/internal/env/env.go:545.16,547.3 1 0
fabrik-cli/internal/env/env.go:549.2,550.54 2 1
fabrik-cli/internal/env/env.go:553.111,562.16 3 0
fabrik-cli/internal/env/env.go:562.16,564.3 1 0
fabrik-cli/internal/env/env.go:566.2,575.35 2 0
fabrik-cli/internal/env/env.go:575.35,577.3 1 0
fabrik-cli/internal/env/env.go:578.2,578.54 1 0
fabrik-cli/internal/env/env.go:578.54,580.3 1 0
fabrik-cli/internal/env/env.go:582.2,583.18 2 0
fabrik-cli/internal/env/env.go:583.18,585.3 1 0
fabrik-cli/internal/env/env.go:587.2,589.12 2 0
fabrik-cli/internal/env/env.go:592.82,593.46 1 0
fabrik-cli/internal/env/env.go:593.46,595.3 1 0
fabrik-cli/internal/env/env.go:596.2,597.16 2 0
fabrik-cli/internal/env/env.go:597.16,599.3 1 0
fabrik-cli/internal/env/env.go:601.2,602.61 2 0
fabrik-cli/internal/env/env.go:602.61,604.3 1 0
fabrik-cli/internal/env/env.go:606.2,607.40 2 0
fabrik-cli/internal/env/env.go:607.40,609.17 2 0
fabrik-cli/internal/env/env.go:609.17,611.4 1 0
fabrik-cli/internal/env/env.go:612.3,612.30 1 0
fabrik-cli/internal/env/env.go:614.2,614.18 1 0
fabrik-cli/internal/env/env.go:617.61,619.16 2 0
fabrik-cli/internal/env/env.go:619.16,621.3 1 0
fabrik-cli/internal/env/env.go:622.2,622.49 1 0
fabrik-cli/internal/env/env.go:622.49,624.3 1 0
fabrik-cli/internal/env/env.go:625.2,625.18 1 0
fabrik-cli/internal/env/env.go:628.55,630.16 2 1
fabrik-cli/internal/env/env.go:630.16,632.3 1 0
fabrik-cli/internal/env/env.go:633.2,634.49 2 1
fabrik-cli/internal/env/env.go:634.49,636.3 1 0
fabrik-cli/internal/env/env.go:637.2,637.59 1 1
fabrik-cli/internal/env/env.go:640.87,641.46 1 0
fabrik-cli/internal/env/env.go:641.46,643.3 1 0
fabrik-cli/internal/env/env.go:644.2,644.49 1 0
fabrik-cli/internal/env/env.go:644.49,646.3 1 0
fabrik-cli/internal/env/env.go:647.2,647.37 1 0
fabrik-cli/internal/env/env.go:650.39,652.2 1 0
fabrik-cli/internal/env/env.go:654.81,656.43 2 0
fabrik-cli/internal/env/env.go:656.43,658.3 1 0
fabrik-cli/internal/env/env.go:659.2,662.16 4 0
fabrik-cli/internal/env/env.go:662.16,664.3 1 0
fabrik-cli/internal/env/env.go:665.2,665.25 1 0
fabrik-cli/internal/env/env.go:668.83,671.43 3 0
fabrik-cli/internal/env/env.go:671.43,673.3 1 0
fabrik-cli/internal/env/env.go:674.2,678.21 5 0
fabrik-cli/internal/env/env.go:678.21,680.3 1 0
fabrik-cli/internal/env/env.go:681.2,681.12 1 0
fabrik-cli/internal/env/env.go:684.71,693.39 9 0
fabrik-cli/internal/env/env.go:693.39,695.3 1 0
fabrik-cli/internal/env/env.go:696.2,696.19 1 0
fabrik-cli/internal/env/env.go:699.52,701.17 2 0
fabrik-cli/internal/env/env.go:701.17,703.3 1 0
fabrik-cli/internal/env/env.go:704.2,704.26 1 0
fabrik-cli/internal/env/env.go:704.26,705.67 1 0
fabrik-cli/internal/env/env.go:705.67,706.12 1 0
fabrik-cli/internal/env/env.go:708.3,708.87 1 0
fabrik-cli/internal/env/env.go:710.2,710.68 1 0
fabrik-cli/internal/env/env.go:710.68,712.3 1 0
fabrik-cli/internal/env/env.go:713.2,713.12 1 0
fabrik-cli/internal/env/env.go:716.46,720.2 3 0
fabrik-cli/internal/env/env.go:722.62,723.35 1 1
fabrik-cli/internal/env/env.go:723.35,725.3 1 0
fabrik-cli/internal/env/env.go:726.2,727.16 2 1
fabrik-cli/internal/env/env.go:727.16,729.3 1 0
fabrik-cli/internal/env/env.go:730.2,730.37 1 1
fabrik-cli/internal/env/env.go:733.61,735.89 2 1
fabrik-cli/internal/env/env.go:735.89,737.49 2 1
fabrik-cli/internal/env/env.go:737.49,738.12 1 1
fabrik-cli/internal/env/env.go:740.3,740.41 1 1
fabrik-cli/internal/env/env.go:740.41,742.4 1 0
fabrik-cli/internal/env/env.go:743.3,744.10 2 1
fabrik-cli/internal/env/env.go:744.10,746.4 1 0
fabrik-cli/internal/env/env.go:747.3,749.37 3 1
fabrik-cli/internal/env/env.go:749.37,751.4 1 1
fabrik-cli/internal/env/env.go:752.3,752.42 1 1
fabrik-cli/internal/env/env.go:754.2,754.18 1 1
fabrik-cli/internal/env/env.go:757.66,759.29 2 0
fabrik-cli/internal/env/env.go:759.29,761.10 2 0
fabrik-cli/internal/env/env.go:761.10,763.4 1 0
fabrik-cli/internal/env/env.go:764.3,765.16 2 0
fabrik-cli/internal/env/env.go:765.16,767.4 1 0
fabrik-cli/internal/env/env.go:768.3,768.37 1 0
fabrik-cli/internal/env/env.go:768.37,770.4 1 0
fabrik-cli/internal/env/env.go:771.3,771.20 1 0
fabrik-cli/internal/env/env.go:773.2,773.18 1 0
fabrik-cli/internal/env/env.go:776.55,777.24 1 1
fabrik-cli/internal/env/env.go:777.24,778.35 1 1
fabrik-cli/internal/env/env.go:778.35,780.4 1 0
fabrik-cli/internal/env/env.go:781.3,781.42 1 1
fabrik-cli/internal/env/env.go:781.42,783.4 1 1
fabrik-cli/internal/env/env.go:785.2,785.12 1 1
fabrik-cli/internal/env/env.go:788.50,790.24 2 1
fabrik-cli/internal/env/env.go:790.24,792.3 1 1
fabrik-cli/internal/env/env.go:793.2,794.13 2 1
fabrik-cli/internal/env/env.go:797.65,799.27 2 1
fabrik-cli/internal/env/env.go:799.27,801.3 1 1
fabrik-cli/internal/env/env.go:802.2,803.13 2 1
fabrik-cli/internal/env/env.go:806.50,808.39 2 1
fabrik-cli/internal/env/env.go:808.39,810.3 1 1
fabrik-cli/internal/env/env.go:811.2,811.19 1 1
fabrik-cli/internal/env/env.go:814.39,815.17 1 1
fabrik-cli/internal/env/env.go:815.17,817.3 1 0
fabrik-cli/internal/env/env.go:818.2,818.28 1 1
fabrik-cli/internal/env/env.go:821.66,824.29 3 0
fabrik-cli/internal/env/env.go:824.29,826.10 2 0
fabrik-cli/internal/env/env.go:826.10,827.12 1 0
fabrik-cli/internal/env/env.go:829.3,829.40 1 0
fabrik-cli/internal/env/env.go:829.40,831.4 1 0
fabrik-cli/internal/env/env.go:832.3,832.22 1 0
fabrik-cli/internal/env/env.go:834.2,834.42 1 0
fabrik-cli/internal/env/env.go:834.42,835.40 1 0
fabrik-cli/internal/env/env.go:835.40,837.4 1 0
fabrik-cli/internal/env/env.go:838.3,838.29 1 0
fabrik-cli/internal/env/env.go:841.2,842.28 2 0
fabrik-cli/internal/env/env.go:842.28,844.3 1 0
fabrik-cli/internal/env/env.go:845.2,845.15 1 0
fabrik-cli/internal/env/env.go:848.40,850.2 1 1
fabrik-cli/internal/env/env.go:852.58,855.16 3 1
fabrik-cli/internal/env/env.go:855.16,857.3 1 0
fabrik-cli/internal/env/env.go:859.2,861.15 3 1
fabrik-cli/internal/env/env.go:861.15,862.14 1 1
fabrik-cli/internal/env/env.go:862.14,864.4 1 0
fabrik-cli/internal/env/env.go:867.2,867.42 1 1
fabrik-cli/internal/env/env.go:867.42,870.3 2 0
fabrik-cli/internal/env/env.go:871.2,871.47 1 1
fabrik-cli/internal/env/env.go:871.47,874.3 2 0
fabrik-cli/internal/env/env.go:875.2,875.37 1 1
fabrik-cli/internal/env/env.go:875.37,877.3 1 0
fabrik-cli/internal/env/env.go:878.2,878.50 1 1
fabrik-cli/internal/env/env.go:878.50,880.3 1 0
fabrik-cli/internal/env/env.go:881.2,882.12 2 1
fabrik-cli/internal/env/env.go:885.48,886.21 1 1
fabrik-cli/internal/env/env.go:886.21,889.55 3 1
fabrik-cli/internal/env/env.go:889.55,891.4 1 1
fabrik-cli/internal/env/env.go:893.2,893.14 1 1
